<?xml version="1.0" encoding="UTF-8"?>
<!-- Generated by org.testng.reporters.JUnitXMLReporter -->
<testsuite hostname="DESKTOP-FR57AJN" ignored="0" name="Test4" tests="1" failures="1" timestamp="2020-06-26T01:59:11 WEST" time="19.539" errors="0">
  <testcase name="Clicking" time="19.492" classname="Cas.Click">
    <failure type="org.openqa.selenium.TimeoutException" message="Supplied function might have stalled
Build info: version: &amp;apos;4.0.0-alpha-5&amp;apos;, revision: &amp;apos;b3a0d621cc&amp;apos;
System info: host: &amp;apos;DESKTOP-FR57AJN&amp;apos;, ip: &amp;apos;192.168.1.105&amp;apos;, os.name: &amp;apos;Windows 10&amp;apos;, os.arch: &amp;apos;amd64&amp;apos;, os.version: &amp;apos;10.0&amp;apos;, java.version: &amp;apos;1.8.0_241&amp;apos;
Driver info: driver.version: unknown">
      <![CDATA[org.openqa.selenium.TimeoutException: Supplied function might have stalled
Build info: version: '4.0.0-alpha-5', revision: 'b3a0d621cc'
System info: host: 'DESKTOP-FR57AJN', ip: '192.168.1.105', os.name: 'Windows 10', os.arch: 'amd64', os.version: '10.0', java.version: '1.8.0_241'
Driver info: driver.version: unknown
at org.openqa.selenium.support.ui.FluentWait.until(FluentWait.java:221)
at Cas.Click.Clicking(Click.java:34)
at java.util.ArrayList.forEach(ArrayList.java:1257)
Caused by: java.util.concurrent.TimeoutException
at java.util.concurrent.CompletableFuture.timedGet(CompletableFuture.java:1784)
at java.util.concurrent.CompletableFuture.get(CompletableFuture.java:1928)
at org.openqa.selenium.support.ui.FluentWait.until(FluentWait.java:209)
... 29 more
... Removed 27 stack frames]]>
    </failure>
  </testcase> <!-- Clicking -->
</testsuite> <!-- Test4 -->
